C:\Program Files\Microsoft Visual Studio\2022\Community\MSBuild\Microsoft\VC\v170\Microsoft.CppBuild.targets(517,5): warning MSB8004: Output Directory does not end with a trailing slash.  This build instance will add the slash as it is required to allow proper evaluation of the Output Directory.
  blocks.cpp
C:\Users\eirin\OneDrive\Υπολογιστής\AUEB\3o ΕΞΑΜΗΝΟ\cpp\CPP_game\Forest_Explorer\Forest_Explorer\blocks.cpp(44,41): warning C4101: 'e': unreferenced local variable
  Coins.cpp
C:\Users\eirin\OneDrive\Υπολογιστής\AUEB\3o ΕΞΑΜΗΝΟ\cpp\CPP_game\Forest_Explorer\Forest_Explorer\Coins.cpp(76,41): warning C4101: 'e': unreferenced local variable
  enemy.cpp
  gameobject.cpp
  gamestate.cpp
  level.cpp
  main.cpp
C:\Users\eirin\OneDrive\Υπολογιστής\AUEB\3o ΕΞΑΜΗΝΟ\cpp\CPP_game\Forest_Explorer\Forest_Explorer\main.cpp(21,113): warning C4244: 'argument': conversion from 'float' to 'int', possible loss of data
C:\Users\eirin\OneDrive\Υπολογιστής\AUEB\3o ΕΞΑΜΗΝΟ\cpp\CPP_game\Forest_Explorer\Forest_Explorer\main.cpp(21,68): warning C4244: 'argument': conversion from 'float' to 'int', possible loss of data
  player.cpp
C:\Users\eirin\OneDrive\Υπολογιστής\AUEB\3o ΕΞΑΜΗΝΟ\cpp\CPP_game\Forest_Explorer\Forest_Explorer\player.cpp(19,13): warning C4244: 'initializing': conversion from 'float' to 'int', possible loss of data
C:\Users\eirin\OneDrive\Υπολογιστής\AUEB\3o ΕΞΑΜΗΝΟ\cpp\CPP_game\Forest_Explorer\Forest_Explorer\player.cpp(25,53): warning C4244: '=': conversion from 'float' to 'int', possible loss of data
  UI.cpp
C:\Users\eirin\OneDrive\Υπολογιστής\AUEB\3o ΕΞΑΜΗΝΟ\cpp\CPP_game\Forest_Explorer\Forest_Explorer\UI.cpp(17,44): warning C4244: 'argument': conversion from 'int' to 'float', possible loss of data
C:\Users\eirin\OneDrive\Υπολογιστής\AUEB\3o ΕΞΑΜΗΝΟ\cpp\CPP_game\Forest_Explorer\Forest_Explorer\UI.cpp(18,43): warning C4244: 'argument': conversion from 'int' to 'float', possible loss of data
  Generating Code...
sggd.lib(graphics.obj) : warning LNK4099: PDB '' was not found with 'sggd.lib(graphics.obj)' or at ''; linking object as if no debug info
sggd.lib(GLbackend.obj) : warning LNK4099: PDB '' was not found with 'sggd.lib(GLbackend.obj)' or at ''; linking object as if no debug info
sggd.lib(shader.obj) : warning LNK4099: PDB '' was not found with 'sggd.lib(shader.obj)' or at ''; linking object as if no debug info
sggd.lib(fonts.obj) : warning LNK4099: PDB '' was not found with 'sggd.lib(fonts.obj)' or at ''; linking object as if no debug info
sggd.lib(texture.obj) : warning LNK4099: PDB '' was not found with 'sggd.lib(texture.obj)' or at ''; linking object as if no debug info
sggd.lib(AudioManager.obj) : warning LNK4099: PDB '' was not found with 'sggd.lib(AudioManager.obj)' or at ''; linking object as if no debug info
sggd.lib(lodepng.obj) : warning LNK4099: PDB '' was not found with 'sggd.lib(lodepng.obj)' or at ''; linking object as if no debug info
  Forest_Explorer.vcxproj -> C:\Users\eirin\OneDrive\Υπολογιστής\AUEB\3o ΕΞΑΜΗΝΟ\cpp\CPP_game\Forest_Explorer\bin\Forest_Explorer.exe
